<?xml version="1.0" encoding="UTF-8"?>
<!-- Generated by org.testng.reporters.JUnitReportReporter -->
<testsuite hostname="ASCINLAP61078" failures="0" tests="1" name="tests.LambdaLoginTest" time="2.723" errors="0" timestamp="2025-05-22T20:21:08 IST" skipped="0">
  <testcase classname="tests.LambdaLoginTest" name="testInvalidLoginAttempt" time="2.723"/>
  <system-out/>
</testsuite> <!-- tests.LambdaLoginTest -->
