<?xml version="1.0" encoding="UTF-8"?>
<!-- Generated by org.testng.reporters.JUnitReportReporter -->
<testsuite hostname="ASCINLAP61078" failures="0" tests="1" name="tests.MegaMenuTest" time="5.083" errors="0" timestamp="2025-05-23T12:58:05 IST" skipped="0">
  <testcase classname="tests.MegaMenuTest" name="testAppleFromMegaMenu" time="5.083"/>
  <system-out/>
</testsuite> <!-- tests.MegaMenuTest -->
