<?xml version="1.0" encoding="UTF-8"?>
<!-- Generated by org.testng.reporters.JUnitReportReporter -->
<testsuite hostname="ASCINLAP61078" failures="0" tests="1" name="tests.SearchTest" time="0.769" errors="0" timestamp="2025-05-23T12:49:46 IST" skipped="0">
  <testcase classname="tests.SearchTest" name="testSearchApple" time="0.769"/>
  <system-out/>
</testsuite> <!-- tests.SearchTest -->
