<?xml version="1.0" encoding="UTF-8"?>
<!-- Generated by org.testng.reporters.JUnitReportReporter -->
<testsuite hostname="ASCINLAP61078" failures="0" tests="1" name="tests.LoginvalidTest" time="14.269" errors="0" timestamp="2025-05-23T10:59:45 IST" skipped="0">
  <testcase classname="tests.LoginvalidTest" name="testvalidLoginAttempt" time="14.269"/>
  <system-out/>
</testsuite> <!-- tests.LoginvalidTest -->
